<?xml version="1.0" encoding="UTF-8"?>
<testsuite xmlns:xsi="http://www.w3.org/2001/XMLSchema-instance" xsi:noNamespaceSchemaLocation="https://maven.apache.org/surefire/maven-surefire-plugin/xsd/surefire-test-report-3.0.xsd" version="3.0" name="com.banquito.core.banking.seguridad.clientes.tarjetas.TarjetasApplicationTests" time="5.819" tests="1" errors="0" skipped="0" failures="0">
  <properties>
[...]
</properties>
  <testcase name="contextLoads" classname="com.banquito.core.banking.seguridad.clientes.tarjetas.TarjetasApplicationTests" time="0.95">
    <system-out><![CDATA[2024-03-17T10:27:58.120-05:00  INFO   --- [           main] t.c.s.AnnotationConfigContextLoaderUtils : Could not detect default configuration classes for test class [com.banquito.core.banking.seguridad.clientes.tarjetas.TarjetasApplicationTests]: TarjetasApplicationTests does not declare any static, non-private, non-final, nested classes annotated with @Configuration.
2024-03-17T10:27:58.234-05:00  INFO   --- [           main] .b.t.c.SpringBootTestContextBootstrapper : Found @SpringBootConfiguration com.banquito.core.banking.seguridad.clientes.tarjetas.TarjetasApplication for test class com.banquito.core.banking.seguridad.clientes.tarjetas.TarjetasApplicationTests
2024-03-17T10:27:58.374-05:00  INFO   --- [           main] o.s.b.d.r.RestartApplicationListener     : Restart disabled due to context in which it is running

  .   ____          _            __ _ _
 /\\ / ___'_ __ _ _(_)_ __  __ _ \ \ \ \
( ( )\___ | '_ | '_| | '_ \/ _` | \ \ \ \
 \\/  ___)| |_)| | | | | || (_| |  ) ) ) )
  '  |____| .__|_| |_|_| |_\__, | / / / /
 =========|_|==============|___/=/_/_/_/
 :: Spring Boot ::                (v3.2.2)

2024-03-17T10:27:58.586-05:00  INFO 34852 --- [microservicio-seguridad-tarjeta] [           main] c.b.c.b.s.c.t.TarjetasApplicationTests   : Starting TarjetasApplicationTests using Java 21.0.1 with PID 34852 (started by eddyt in c:\Users\eddyt\Documents\ESPE\ArquitecturaSoftware\PROYECTO\seguridadClientes_tarjetas)
2024-03-17T10:27:58.587-05:00  INFO 34852 --- [microservicio-seguridad-tarjeta] [           main] c.b.c.b.s.c.t.TarjetasApplicationTests   : No active profile set, falling back to 1 default profile: "default"
2024-03-17T10:27:59.733-05:00  INFO 34852 --- [microservicio-seguridad-tarjeta] [           main] .s.d.r.c.RepositoryConfigurationDelegate : Bootstrapping Spring Data MongoDB repositories in DEFAULT mode.
2024-03-17T10:27:59.803-05:00  INFO 34852 --- [microservicio-seguridad-tarjeta] [           main] .s.d.r.c.RepositoryConfigurationDelegate : Finished Spring Data repository scanning in 62 ms. Found 1 MongoDB repository interface.
2024-03-17T10:28:00.630-05:00  INFO 34852 --- [microservicio-seguridad-tarjeta] [           main] org.mongodb.driver.client                : MongoClient with metadata {"driver": {"name": "mongo-java-driver|sync|spring-boot", "version": "4.11.1"}, "os": {"type": "Windows", "name": "Windows 11", "architecture": "amd64", "version": "10.0"}, "platform": "Java/Eclipse Adoptium/21.0.1+12-LTS"} created with settings MongoClientSettings{readPreference=primary, writeConcern=WriteConcern{w=null, wTimeout=null ms, journal=null}, retryWrites=true, retryReads=true, readConcern=ReadConcern{level=null}, credential=MongoCredential{mechanism=null, userName='carodriguez19', source='admin', password=<hidden>, mechanismProperties=<hidden>}, transportSettings=null, streamFactoryFactory=null, commandListeners=[io.micrometer.core.instrument.binder.mongodb.MongoMetricsCommandListener@52bba91a], codecRegistry=ProvidersCodecRegistry{codecProviders=[ValueCodecProvider{}, BsonValueCodecProvider{}, DBRefCodecProvider{}, DBObjectCodecProvider{}, DocumentCodecProvider{}, CollectionCodecProvider{}, IterableCodecProvider{}, MapCodecProvider{}, GeoJsonCodecProvider{}, GridFSFileCodecProvider{}, Jsr310CodecProvider{}, JsonObjectCodecProvider{}, BsonCodecProvider{}, EnumCodecProvider{}, com.mongodb.client.model.mql.ExpressionCodecProvider@1689527c, com.mongodb.Jep395RecordCodecProvider@21516c88, com.mongodb.KotlinCodecProvider@1c7cd434]}, loggerSettings=LoggerSettings{maxDocumentLength=1000}, clusterSettings={hosts=[127.0.0.1:27017], srvHost=cluster0.xpofgue.mongodb.net, srvServiceName=mongodb, mode=MULTIPLE, requiredClusterType=REPLICA_SET, requiredReplicaSetName='atlas-12dxvf-shard-0', serverSelector='null', clusterListeners='[]', serverSelectionTimeout='30000 ms', localThreshold='15 ms'}, socketSettings=SocketSettings{connectTimeoutMS=10000, readTimeoutMS=0, receiveBufferSize=0, proxySettings=ProxySettings{host=null, port=null, username=null, password=null}}, heartbeatSocketSettings=SocketSettings{connectTimeoutMS=10000, readTimeoutMS=10000, receiveBufferSize=0, proxySettings=ProxySettings{host=null, port=null, username=null, password=null}}, connectionPoolSettings=ConnectionPoolSettings{maxSize=100, minSize=0, maxWaitTimeMS=120000, maxConnectionLifeTimeMS=0, maxConnectionIdleTimeMS=0, maintenanceInitialDelayMS=0, maintenanceFrequencyMS=60000, connectionPoolListeners=[io.micrometer.core.instrument.binder.mongodb.MongoMetricsConnectionPoolListener@13004dd8], maxConnecting=2}, serverSettings=ServerSettings{heartbeatFrequencyMS=10000, minHeartbeatFrequencyMS=500, serverListeners='[]', serverMonitorListeners='[]'}, sslSettings=SslSettings{enabled=true, invalidHostNameAllowed=false, context=null}, applicationName='null', compressorList=[], uuidRepresentation=JAVA_LEGACY, serverApi=null, autoEncryptionSettings=null, dnsClient=null, inetAddressResolver=null, contextProvider=null}
2024-03-17T10:28:00.669-05:00  INFO 34852 --- [microservicio-seguridad-tarjeta] [gue.mongodb.net] org.mongodb.driver.cluster               : Adding discovered server ac-czcbe9r-shard-00-01.xpofgue.mongodb.net:27017 to client view of cluster
2024-03-17T10:28:00.727-05:00  INFO 34852 --- [microservicio-seguridad-tarjeta] [gue.mongodb.net] org.mongodb.driver.cluster               : Adding discovered server ac-czcbe9r-shard-00-00.xpofgue.mongodb.net:27017 to client view of cluster
2024-03-17T10:28:00.731-05:00  INFO 34852 --- [microservicio-seguridad-tarjeta] [gue.mongodb.net] org.mongodb.driver.cluster               : Adding discovered server ac-czcbe9r-shard-00-02.xpofgue.mongodb.net:27017 to client view of cluster
2024-03-17T10:28:01.660-05:00  INFO 34852 --- [microservicio-seguridad-tarjeta] [ngodb.net:27017] org.mongodb.driver.cluster               : Monitor thread successfully connected to server with description ServerDescription{address=ac-czcbe9r-shard-00-01.xpofgue.mongodb.net:27017, type=REPLICA_SET_PRIMARY, state=CONNECTED, ok=true, minWireVersion=0, maxWireVersion=21, maxDocumentSize=16777216, logicalSessionTimeoutMinutes=30, roundTripTimeNanos=497578600, setName='atlas-12dxvf-shard-0', canonicalAddress=ac-czcbe9r-shard-00-01.xpofgue.mongodb.net:27017, hosts=[ac-czcbe9r-shard-00-00.xpofgue.mongodb.net:27017, ac-czcbe9r-shard-00-01.xpofgue.mongodb.net:27017, ac-czcbe9r-shard-00-02.xpofgue.mongodb.net:27017], passives=[], arbiters=[], primary='ac-czcbe9r-shard-00-01.xpofgue.mongodb.net:27017', tagSet=TagSet{[Tag{name='availabilityZone', value='use1-az6'}, Tag{name='diskState', value='READY'}, Tag{name='nodeType', value='ELECTABLE'}, Tag{name='provider', value='AWS'}, Tag{name='region', value='US_EAST_1'}, Tag{name='workloadType', value='OPERATIONAL'}]}, electionId=7fffffff000000000000011d, setVersion=9, topologyVersion=TopologyVersion{processId=65f698127af7385ea4f784d9, counter=6}, lastWriteDate=Sun Mar 17 10:28:03 ECT 2024, lastUpdateTimeNanos=196497401022700}
2024-03-17T10:28:01.660-05:00  INFO 34852 --- [microservicio-seguridad-tarjeta] [ngodb.net:27017] org.mongodb.driver.cluster               : Monitor thread successfully connected to server with description ServerDescription{address=ac-czcbe9r-shard-00-02.xpofgue.mongodb.net:27017, type=REPLICA_SET_SECONDARY, state=CONNECTED, ok=true, minWireVersion=0, maxWireVersion=21, maxDocumentSize=16777216, logicalSessionTimeoutMinutes=30, roundTripTimeNanos=501045100, setName='atlas-12dxvf-shard-0', canonicalAddress=ac-czcbe9r-shard-00-02.xpofgue.mongodb.net:27017, hosts=[ac-czcbe9r-shard-00-00.xpofgue.mongodb.net:27017, ac-czcbe9r-shard-00-01.xpofgue.mongodb.net:27017, ac-czcbe9r-shard-00-02.xpofgue.mongodb.net:27017], passives=[], arbiters=[], primary='ac-czcbe9r-shard-00-01.xpofgue.mongodb.net:27017', tagSet=TagSet{[Tag{name='availabilityZone', value='use1-az1'}, Tag{name='diskState', value='READY'}, Tag{name='nodeType', value='ELECTABLE'}, Tag{name='provider', value='AWS'}, Tag{name='region', value='US_EAST_1'}, Tag{name='workloadType', value='OPERATIONAL'}]}, electionId=null, setVersion=9, topologyVersion=TopologyVersion{processId=65f69984c55296f4867f68a1, counter=3}, lastWriteDate=Sun Mar 17 10:28:03 ECT 2024, lastUpdateTimeNanos=196497401021700}
2024-03-17T10:28:01.661-05:00  INFO 34852 --- [microservicio-seguridad-tarjeta] [ngodb.net:27017] org.mongodb.driver.cluster               : Monitor thread successfully connected to server with description ServerDescription{address=ac-czcbe9r-shard-00-00.xpofgue.mongodb.net:27017, type=REPLICA_SET_SECONDARY, state=CONNECTED, ok=true, minWireVersion=0, maxWireVersion=21, maxDocumentSize=16777216, logicalSessionTimeoutMinutes=30, roundTripTimeNanos=502782500, setName='atlas-12dxvf-shard-0', canonicalAddress=ac-czcbe9r-shard-00-00.xpofgue.mongodb.net:27017, hosts=[ac-czcbe9r-shard-00-00.xpofgue.mongodb.net:27017, ac-czcbe9r-shard-00-01.xpofgue.mongodb.net:27017, ac-czcbe9r-shard-00-02.xpofgue.mongodb.net:27017], passives=[], arbiters=[], primary='ac-czcbe9r-shard-00-01.xpofgue.mongodb.net:27017', tagSet=TagSet{[Tag{name='availabilityZone', value='use1-az4'}, Tag{name='diskState', value='READY'}, Tag{name='nodeType', value='ELECTABLE'}, Tag{name='provider', value='AWS'}, Tag{name='region', value='US_EAST_1'}, Tag{name='workloadType', value='OPERATIONAL'}]}, electionId=null, setVersion=9, topologyVersion=TopologyVersion{processId=65f69694490a8b3936808d5c, counter=4}, lastWriteDate=Sun Mar 17 10:28:03 ECT 2024, lastUpdateTimeNanos=196497401021700}
2024-03-17T10:28:01.666-05:00  INFO 34852 --- [microservicio-seguridad-tarjeta] [ngodb.net:27017] org.mongodb.driver.cluster               : Discovered replica set primary ac-czcbe9r-shard-00-01.xpofgue.mongodb.net:27017 with max election id 7fffffff000000000000011d and max set version 9
2024-03-17T10:28:02.442-05:00  INFO 34852 --- [microservicio-seguridad-tarjeta] [           main] o.s.b.a.e.web.EndpointLinksResolver      : Exposing 6 endpoint(s) beneath base path '/actuator'
2024-03-17T10:28:02.507-05:00  INFO 34852 --- [microservicio-seguridad-tarjeta] [           main] c.b.c.b.s.c.t.TarjetasApplicationTests   : Started TarjetasApplicationTests in 4.142 seconds (process running for 5.558)
]]></system-out>
    <system-err><![CDATA[WARNING: A Java agent has been loaded dynamically (C:\Users\eddyt\.m2\repository\net\bytebuddy\byte-buddy-agent\1.14.11\byte-buddy-agent-1.14.11.jar)
WARNING: If a serviceability tool is in use, please run with -XX:+EnableDynamicAgentLoading to hide this warning
WARNING: If a serviceability tool is not in use, please run with -Djdk.instrument.traceUsage for more information
WARNING: Dynamic loading of agents will be disallowed by default in a future release
]]></system-err>
  </testcase>
</testsuite>